<?xml version="1.0" encoding="UTF-8"?>
<testng-results ignored="0" total="1" passed="1" failed="0" skipped="0">
  <reporter-output>
  </reporter-output>
  <suite started-at="2021-08-18T22:46:44 IST" name="Suite" finished-at="2021-08-18T22:46:53 IST" duration-ms="9293">
    <groups>
      <group name="regression">
        <method signature="TC_001_AccountRegistration.test_accounts_registration()[pri:0, instance:testCases.TC_001_AccountRegistration@29215f06]" name="test_accounts_registration" class="testCases.TC_001_AccountRegistration"/>
      </group> <!-- regression -->
      <group name="sanity">
        <method signature="TC_001_AccountRegistration.test_accounts_registration()[pri:0, instance:testCases.TC_001_AccountRegistration@29215f06]" name="test_accounts_registration" class="testCases.TC_001_AccountRegistration"/>
      </group> <!-- sanity -->
      <group name="master">
        <method signature="TC_001_AccountRegistration.test_accounts_registration()[pri:0, instance:testCases.TC_001_AccountRegistration@29215f06]" name="test_accounts_registration" class="testCases.TC_001_AccountRegistration"/>
      </group> <!-- master -->
    </groups>
    <test started-at="2021-08-18T22:46:44 IST" name="Test" finished-at="2021-08-18T22:46:53 IST" duration-ms="9293">
      <class name="testCases.TC_001_AccountRegistration">
        <test-method is-config="true" signature="Setup(java.lang.String)[pri:0, instance:testCases.TC_001_AccountRegistration@29215f06]" started-at="2021-08-18T22:46:44 IST" name="Setup" finished-at="2021-08-18T22:46:46 IST" duration-ms="2300" status="PASS">
          <params>
            <param index="0">
              <value>
                <![CDATA[chrome]]>
              </value>
            </param>
          </params>
          <reporter-output>
          </reporter-output>
        </test-method> <!-- Setup -->
        <test-method signature="test_accounts_registration()[pri:0, instance:testCases.TC_001_AccountRegistration@29215f06]" started-at="2021-08-18T22:46:46 IST" name="test_accounts_registration" finished-at="2021-08-18T22:46:53 IST" duration-ms="6617" status="PASS">
          <reporter-output>
          </reporter-output>
        </test-method> <!-- test_accounts_registration -->
        <test-method is-config="true" signature="tearDown()[pri:0, instance:testCases.TC_001_AccountRegistration@29215f06]" started-at="2021-08-18T22:46:53 IST" name="tearDown" finished-at="2021-08-18T22:46:53 IST" duration-ms="130" status="PASS">
          <reporter-output>
          </reporter-output>
        </test-method> <!-- tearDown -->
      </class> <!-- testCases.TC_001_AccountRegistration -->
    </test> <!-- Test -->
  </suite> <!-- Suite -->
</testng-results>
